Ultralytics 8.3.113 🚀 Python-3.11.12 torch-2.6.0+cu124 CUDA:0 (Tesla T4, 15095MiB)
[34m[1mengine/trainer: [0mtask=detect, mode=train, model=yolov8s.pt, data=/content/Prototype-1-1/data.yaml, epochs=100, time=None, patience=100, batch=16, imgsz=640, save=True, save_period=-1, cache=False, device=0, workers=8, project=Prototype 1, name=p1_vn3, exist_ok=False, pretrained=True, optimizer=auto, verbose=True, seed=42, deterministic=True, single_cls=False, rect=False, cos_lr=False, close_mosaic=10, resume=False, amp=True, fraction=1.0, profile=False, freeze=None, multi_scale=False, overlap_mask=True, mask_ratio=4, dropout=0.0, val=True, split=val, save_json=False, conf=None, iou=0.7, max_det=300, half=False, dnn=False, plots=True, source=None, vid_stride=1, stream_buffer=False, visualize=False, augment=False, agnostic_nms=False, classes=None, retina_masks=False, embed=None, show=False, save_frames=False, save_txt=False, save_conf=False, save_crop=False, show_labels=True, show_conf=True, show_boxes=True, line_width=None, format=torchscript, keras=False, optimize=False, int8=False, dynamic=False, simplify=True, opset=None, workspace=None, nms=False, lr0=0.01, lrf=0.01, momentum=0.937, weight_decay=0.0005, warmup_epochs=3.0, warmup_momentum=0.8, warmup_bias_lr=0.1, box=7.5, cls=0.5, dfl=1.5, pose=12.0, kobj=1.0, nbs=64, hsv_h=0.015, hsv_s=0.7, hsv_v=0.4, degrees=0.0, translate=0.1, scale=0.5, shear=0.0, perspective=0.0, flipud=0.0, fliplr=0.5, bgr=0.0, mosaic=1.0, mixup=0.0, copy_paste=0.0, copy_paste_mode=flip, auto_augment=randaugment, erasing=0.4, cfg=None, tracker=botsort.yaml, save_dir=Prototype 1/p1_vn3
Overriding model.yaml nc=80 with nc=21

                   from  n    params  module                                       arguments
  0                  -1  1       928  ultralytics.nn.modules.conv.Conv             [3, 32, 3, 2]
  1                  -1  1     18560  ultralytics.nn.modules.conv.Conv             [32, 64, 3, 2]
  2                  -1  1     29056  ultralytics.nn.modules.block.C2f             [64, 64, 1, True]
  3                  -1  1     73984  ultralytics.nn.modules.conv.Conv             [64, 128, 3, 2]
  4                  -1  2    197632  ultralytics.nn.modules.block.C2f             [128, 128, 2, True]
  5                  -1  1    295424  ultralytics.nn.modules.conv.Conv             [128, 256, 3, 2]
  6                  -1  2    788480  ultralytics.nn.modules.block.C2f             [256, 256, 2, True]
  7                  -1  1   1180672  ultralytics.nn.modules.conv.Conv             [256, 512, 3, 2]
  8                  -1  1   1838080  ultralytics.nn.modules.block.C2f             [512, 512, 1, True]
  9                  -1  1    656896  ultralytics.nn.modules.block.SPPF            [512, 512, 5]
 10                  -1  1         0  torch.nn.modules.upsampling.Upsample         [None, 2, 'nearest']
 11             [-1, 6]  1         0  ultralytics.nn.modules.conv.Concat           [1]
 12                  -1  1    591360  ultralytics.nn.modules.block.C2f             [768, 256, 1]
 13                  -1  1         0  torch.nn.modules.upsampling.Upsample         [None, 2, 'nearest']
 14             [-1, 4]  1         0  ultralytics.nn.modules.conv.Concat           [1]
 15                  -1  1    148224  ultralytics.nn.modules.block.C2f             [384, 128, 1]
 16                  -1  1    147712  ultralytics.nn.modules.conv.Conv             [128, 128, 3, 2]
 17            [-1, 12]  1         0  ultralytics.nn.modules.conv.Concat           [1]
 18                  -1  1    493056  ultralytics.nn.modules.block.C2f             [384, 256, 1]
 19                  -1  1    590336  ultralytics.nn.modules.conv.Conv             [256, 256, 3, 2]
 20             [-1, 9]  1         0  ultralytics.nn.modules.conv.Concat           [1]
 21                  -1  1   1969152  ultralytics.nn.modules.block.C2f             [768, 512, 1]
 22        [15, 18, 21]  1   2124175  ultralytics.nn.modules.head.Detect           [21, [128, 256, 512]]
Model summary: 129 layers, 11,143,727 parameters, 11,143,711 gradients, 28.7 GFLOPs

Transferred 349/355 items from pretrained weights
Freezing layer 'model.22.dfl.conv.weight'
[34m[1mAMP: [0mrunning Automatic Mixed Precision (AMP) checks...
Downloading https://github.com/ultralytics/assets/releases/download/v8.3.0/yolo11n.pt to 'yolo11n.pt'...
100%|██████████| 5.35M/5.35M [00:00<00:00, 101MB/s]
[34m[1mAMP: [0mchecks passed ✅
[34m[1mtrain: [0mFast image access ✅ (ping: 0.0±0.0 ms, read: 921.5±301.4 MB/s, size: 62.4 KB)
[34m[1mtrain: [0mScanning /content/Prototype-1-1/train/labels.cache... 510 images, 0 backgrounds, 0 corrupt: 100%|██████████| 510/510 [00:00<?, ?it/s]
[34m[1malbumentations: [0mBlur(p=0.01, blur_limit=(3, 7)), MedianBlur(p=0.01, blur_limit=(3, 7)), ToGray(p=0.01, num_output_channels=3, method='weighted_average'), CLAHE(p=0.01, clip_limit=(1.0, 4.0), tile_grid_size=(8, 8))
[34m[1mval: [0mFast image access ✅ (ping: 0.0±0.0 ms, read: 297.4±56.9 MB/s, size: 55.6 KB)
[34m[1mval: [0mScanning /content/Prototype-1-1/valid/labels.cache... 20 images, 0 backgrounds, 0 corrupt: 100%|██████████| 20/20 [00:00<?, ?it/s]
Plotting labels to Prototype 1/p1_vn3/labels.jpg...
[34m[1moptimizer:[0m 'optimizer=auto' found, ignoring 'lr0=0.01' and 'momentum=0.937' and determining best 'optimizer', 'lr0' and 'momentum' automatically...
[34m[1moptimizer:[0m AdamW(lr=0.0004, momentum=0.9) with parameter groups 57 weight(decay=0.0), 64 weight(decay=0.0005), 63 bias(decay=0.0)
Image sizes 640 train, 640 val
Using 2 dataloader workers
Logging results to [1mPrototype 1/p1_vn3[0m
Starting training for 100 epochs...

      Epoch    GPU_mem   box_loss   cls_loss   dfl_loss  Instances       Size
      1/100      3.91G      1.759      3.911      1.479        205        640: 100%|██████████| 32/32 [00:12<00:00,  2.56it/s]
                 Class     Images  Instances      Box(P          R      mAP50  mAP50-95): 100%|██████████| 1/1 [00:00<00:00,  1.09it/s]
                   all         20        218      0.557      0.425       0.45      0.276
Ultralytics 8.3.113 🚀 Python-3.11.12 torch-2.6.0+cu124 CUDA:0 (Tesla T4, 15095MiB)
YOLOv8s summary (fused): 72 layers, 11,156,544 parameters, 0 gradients, 28.6 GFLOPs

      Epoch    GPU_mem   box_loss   cls_loss   dfl_loss  Instances       Size
      2/100      5.13G      1.377      1.698      1.218        241        640: 100%|██████████| 32/32 [00:11<00:00,  2.72it/s]
                 Class     Images  Instances      Box(P          R      mAP50  mAP50-95): 100%|██████████| 1/1 [00:00<00:00,  3.40it/s]
                   all         20        218      0.774      0.753       0.79      0.493

      Epoch    GPU_mem   box_loss   cls_loss   dfl_loss  Instances       Size
      3/100      5.13G       1.29      1.202       1.17        167        640: 100%|██████████| 32/32 [00:11<00:00,  2.91it/s]
                 Class     Images  Instances      Box(P          R      mAP50  mAP50-95): 100%|██████████| 1/1 [00:00<00:00,  2.97it/s]
                   all         20        218      0.814      0.848      0.897      0.553

      Epoch    GPU_mem   box_loss   cls_loss   dfl_loss  Instances       Size
      4/100      5.13G      1.269      1.017      1.144        202        640: 100%|██████████| 32/32 [00:11<00:00,  2.80it/s]
                 Class     Images  Instances      Box(P          R      mAP50  mAP50-95): 100%|██████████| 1/1 [00:00<00:00,  3.83it/s]
                   all         20        218      0.826      0.852      0.912       0.54

      Epoch    GPU_mem   box_loss   cls_loss   dfl_loss  Instances       Size
      5/100      5.13G      1.213     0.9129      1.133        223        640: 100%|██████████| 32/32 [00:11<00:00,  2.90it/s]
                 Class     Images  Instances      Box(P          R      mAP50  mAP50-95): 100%|██████████| 1/1 [00:00<00:00,  3.03it/s]
                   all         20        218      0.859      0.907      0.922      0.575

      Epoch    GPU_mem   box_loss   cls_loss   dfl_loss  Instances       Size
      6/100      5.13G      1.188     0.8325      1.109        260        640: 100%|██████████| 32/32 [00:11<00:00,  2.84it/s]
                 Class     Images  Instances      Box(P          R      mAP50  mAP50-95): 100%|██████████| 1/1 [00:00<00:00,  4.27it/s]
                   all         20        218      0.862       0.92      0.934      0.586

      Epoch    GPU_mem   box_loss   cls_loss   dfl_loss  Instances       Size
      7/100      5.16G      1.158     0.7845      1.086        309        640: 100%|██████████| 32/32 [00:15<00:00,  2.12it/s]
                 Class     Images  Instances      Box(P          R      mAP50  mAP50-95): 100%|██████████| 1/1 [00:00<00:00,  1.92it/s]
                   all         20        218      0.894      0.907      0.928      0.588

      Epoch    GPU_mem   box_loss   cls_loss   dfl_loss  Instances       Size
      8/100       5.2G      1.133     0.7391      1.084        183        640: 100%|██████████| 32/32 [00:11<00:00,  2.85it/s]
                 Class     Images  Instances      Box(P          R      mAP50  mAP50-95): 100%|██████████| 1/1 [00:00<00:00,  4.33it/s]
                   all         20        218      0.925      0.878      0.939      0.578

      Epoch    GPU_mem   box_loss   cls_loss   dfl_loss  Instances       Size
      9/100      5.24G      1.114     0.7122      1.064        225        640: 100%|██████████| 32/32 [00:10<00:00,  2.96it/s]
                 Class     Images  Instances      Box(P          R      mAP50  mAP50-95): 100%|██████████| 1/1 [00:00<00:00,  4.67it/s]
                   all         20        218      0.895      0.904      0.941      0.597

      Epoch    GPU_mem   box_loss   cls_loss   dfl_loss  Instances       Size
     10/100       5.3G       1.11     0.7138      1.072        228        640: 100%|██████████| 32/32 [00:11<00:00,  2.84it/s]
                 Class     Images  Instances      Box(P          R      mAP50  mAP50-95): 100%|██████████| 1/1 [00:00<00:00,  4.70it/s]
                   all         20        218      0.918      0.932      0.943      0.592

      Epoch    GPU_mem   box_loss   cls_loss   dfl_loss  Instances       Size
     11/100      5.33G       1.08     0.6704      1.065        168        640: 100%|██████████| 32/32 [00:10<00:00,  2.93it/s]
                 Class     Images  Instances      Box(P          R      mAP50  mAP50-95): 100%|██████████| 1/1 [00:00<00:00,  2.25it/s]
                   all         20        218      0.909      0.928      0.939      0.616

      Epoch    GPU_mem   box_loss   cls_loss   dfl_loss  Instances       Size
     12/100      5.36G      1.082     0.6702       1.06        214        640: 100%|██████████| 32/32 [00:11<00:00,  2.71it/s]
                 Class     Images  Instances      Box(P          R      mAP50  mAP50-95): 100%|██████████| 1/1 [00:00<00:00,  3.48it/s]
                   all         20        218      0.943       0.91      0.951      0.613

      Epoch    GPU_mem   box_loss   cls_loss   dfl_loss  Instances       Size
     13/100      5.43G      1.043     0.6426      1.044        156        640: 100%|██████████| 32/32 [00:11<00:00,  2.86it/s]
                 Class     Images  Instances      Box(P          R      mAP50  mAP50-95): 100%|██████████| 1/1 [00:00<00:00,  4.16it/s]
                   all         20        218      0.918       0.94      0.945      0.621

      Epoch    GPU_mem   box_loss   cls_loss   dfl_loss  Instances       Size
     14/100      5.49G      1.049     0.6252      1.035        242        640: 100%|██████████| 32/32 [00:10<00:00,  2.92it/s]
                 Class     Images  Instances      Box(P          R      mAP50  mAP50-95): 100%|██████████| 1/1 [00:00<00:00,  4.12it/s]
                   all         20        218      0.917      0.921      0.944      0.625

      Epoch    GPU_mem   box_loss   cls_loss   dfl_loss  Instances       Size
     15/100      5.49G      1.022     0.6169      1.026        233        640: 100%|██████████| 32/32 [00:11<00:00,  2.79it/s]
                 Class     Images  Instances      Box(P          R      mAP50  mAP50-95): 100%|██████████| 1/1 [00:00<00:00,  4.50it/s]
                   all         20        218      0.924        0.9      0.932      0.607

      Epoch    GPU_mem   box_loss   cls_loss   dfl_loss  Instances       Size
     16/100      5.49G      1.009     0.6013      1.023        283        640: 100%|██████████| 32/32 [00:11<00:00,  2.70it/s]
                 Class     Images  Instances      Box(P          R      mAP50  mAP50-95): 100%|██████████| 1/1 [00:00<00:00,  4.89it/s]
                   all         20        218      0.935      0.935       0.95      0.612

      Epoch    GPU_mem   box_loss   cls_loss   dfl_loss  Instances       Size
     17/100      5.49G      1.009      0.607      1.018        268        640: 100%|██████████| 32/32 [00:11<00:00,  2.83it/s]
                 Class     Images  Instances      Box(P          R      mAP50  mAP50-95): 100%|██████████| 1/1 [00:00<00:00,  3.22it/s]
                   all         20        218      0.951      0.928      0.949      0.619

      Epoch    GPU_mem   box_loss   cls_loss   dfl_loss  Instances       Size
     18/100      5.49G     0.9886     0.5853      1.007        268        640: 100%|██████████| 32/32 [00:11<00:00,  2.80it/s]
                 Class     Images  Instances      Box(P          R      mAP50  mAP50-95): 100%|██████████| 1/1 [00:00<00:00,  3.32it/s]
                   all         20        218      0.939      0.934      0.958      0.616

      Epoch    GPU_mem   box_loss   cls_loss   dfl_loss  Instances       Size
     19/100      5.49G     0.9679     0.5712      1.003        194        640: 100%|██████████| 32/32 [00:11<00:00,  2.86it/s]
                 Class     Images  Instances      Box(P          R      mAP50  mAP50-95): 100%|██████████| 1/1 [00:00<00:00,  2.40it/s]
                   all         20        218      0.956      0.933      0.954       0.62

      Epoch    GPU_mem   box_loss   cls_loss   dfl_loss  Instances       Size
     20/100      5.49G     0.9583     0.5591     0.9951        259        640: 100%|██████████| 32/32 [00:11<00:00,  2.83it/s]
                 Class     Images  Instances      Box(P          R      mAP50  mAP50-95): 100%|██████████| 1/1 [00:00<00:00,  2.14it/s]
                   all         20        218      0.951      0.941      0.954      0.619

      Epoch    GPU_mem   box_loss   cls_loss   dfl_loss  Instances       Size
     21/100      5.49G     0.9602     0.5644     0.9971        187        640: 100%|██████████| 32/32 [00:11<00:00,  2.88it/s]
                 Class     Images  Instances      Box(P          R      mAP50  mAP50-95): 100%|██████████| 1/1 [00:00<00:00,  2.69it/s]
                   all         20        218      0.939      0.937      0.955      0.613

      Epoch    GPU_mem   box_loss   cls_loss   dfl_loss  Instances       Size
     22/100      5.49G     0.9574     0.5616     0.9947        162        640: 100%|██████████| 32/32 [00:11<00:00,  2.88it/s]
                 Class     Images  Instances      Box(P          R      mAP50  mAP50-95): 100%|██████████| 1/1 [00:00<00:00,  2.37it/s]
                   all         20        218      0.948       0.93      0.953      0.624

      Epoch    GPU_mem   box_loss   cls_loss   dfl_loss  Instances       Size
     23/100      5.49G     0.9387       0.55     0.9857        281        640: 100%|██████████| 32/32 [00:10<00:00,  2.97it/s]
                 Class     Images  Instances      Box(P          R      mAP50  mAP50-95): 100%|██████████| 1/1 [00:00<00:00,  3.25it/s]
                   all         20        218      0.941      0.941      0.949      0.624

      Epoch    GPU_mem   box_loss   cls_loss   dfl_loss  Instances       Size
     24/100      5.49G     0.9412     0.5447     0.9903        207        640: 100%|██████████| 32/32 [00:11<00:00,  2.83it/s]
                 Class     Images  Instances      Box(P          R      mAP50  mAP50-95): 100%|██████████| 1/1 [00:00<00:00,  4.62it/s]
                   all         20        218      0.943      0.916      0.948      0.611

      Epoch    GPU_mem   box_loss   cls_loss   dfl_loss  Instances       Size
     25/100      5.49G     0.9133     0.5255     0.9818        213        640: 100%|██████████| 32/32 [00:11<00:00,  2.77it/s]
                 Class     Images  Instances      Box(P          R      mAP50  mAP50-95): 100%|██████████| 1/1 [00:00<00:00,  4.76it/s]
                   all         20        218      0.955      0.912       0.95      0.612

      Epoch    GPU_mem   box_loss   cls_loss   dfl_loss  Instances       Size
     26/100      5.49G     0.8984     0.5215     0.9717        190        640: 100%|██████████| 32/32 [00:11<00:00,  2.87it/s]
                 Class     Images  Instances      Box(P          R      mAP50  mAP50-95): 100%|██████████| 1/1 [00:00<00:00,  2.26it/s]
                   all         20        218      0.959      0.943      0.953       0.62

      Epoch    GPU_mem   box_loss   cls_loss   dfl_loss  Instances       Size
     27/100      5.49G     0.8918     0.5083      0.971        304        640: 100%|██████████| 32/32 [00:11<00:00,  2.72it/s]
                 Class     Images  Instances      Box(P          R      mAP50  mAP50-95): 100%|██████████| 1/1 [00:00<00:00,  3.29it/s]
                   all         20        218      0.953      0.939      0.953       0.61

      Epoch    GPU_mem   box_loss   cls_loss   dfl_loss  Instances       Size
     28/100      5.49G     0.8979     0.5081     0.9708        254        640: 100%|██████████| 32/32 [00:13<00:00,  2.31it/s]
                 Class     Images  Instances      Box(P          R      mAP50  mAP50-95): 100%|██████████| 1/1 [00:00<00:00,  2.65it/s]
                   all         20        218      0.959      0.938      0.958      0.602

      Epoch    GPU_mem   box_loss   cls_loss   dfl_loss  Instances       Size
     29/100      5.49G     0.8747     0.5032     0.9716        189        640: 100%|██████████| 32/32 [00:11<00:00,  2.73it/s]
                 Class     Images  Instances      Box(P          R      mAP50  mAP50-95): 100%|██████████| 1/1 [00:00<00:00,  4.22it/s]
                   all         20        218      0.955       0.94      0.954      0.606

      Epoch    GPU_mem   box_loss   cls_loss   dfl_loss  Instances       Size
     30/100      5.49G     0.8782     0.4914     0.9611        293        640: 100%|██████████| 32/32 [00:12<00:00,  2.55it/s]
                 Class     Images  Instances      Box(P          R      mAP50  mAP50-95): 100%|██████████| 1/1 [00:00<00:00,  1.55it/s]
                   all         20        218      0.945      0.932      0.945      0.619

      Epoch    GPU_mem   box_loss   cls_loss   dfl_loss  Instances       Size
     31/100      5.49G     0.8783     0.4941      0.959        208        640: 100%|██████████| 32/32 [00:13<00:00,  2.42it/s]
                 Class     Images  Instances      Box(P          R      mAP50  mAP50-95): 100%|██████████| 1/1 [00:00<00:00,  3.27it/s]
                   all         20        218      0.966      0.937      0.952      0.616

      Epoch    GPU_mem   box_loss   cls_loss   dfl_loss  Instances       Size
     32/100      5.49G     0.8774     0.4952      0.964        223        640: 100%|██████████| 32/32 [00:11<00:00,  2.73it/s]
                 Class     Images  Instances      Box(P          R      mAP50  mAP50-95): 100%|██████████| 1/1 [00:00<00:00,  3.18it/s]
                   all         20        218       0.95      0.942      0.953      0.623

      Epoch    GPU_mem   box_loss   cls_loss   dfl_loss  Instances       Size
     33/100      5.49G     0.8623     0.4794     0.9491        246        640: 100%|██████████| 32/32 [00:11<00:00,  2.73it/s]
                 Class     Images  Instances      Box(P          R      mAP50  mAP50-95): 100%|██████████| 1/1 [00:00<00:00,  4.71it/s]
                   all         20        218      0.955      0.942      0.954      0.614

      Epoch    GPU_mem   box_loss   cls_loss   dfl_loss  Instances       Size
     34/100      5.49G     0.8284      0.469     0.9477        220        640: 100%|██████████| 32/32 [00:10<00:00,  2.94it/s]
                 Class     Images  Instances      Box(P          R      mAP50  mAP50-95): 100%|██████████| 1/1 [00:00<00:00,  2.10it/s]
                   all         20        218      0.957      0.925      0.947      0.609

      Epoch    GPU_mem   box_loss   cls_loss   dfl_loss  Instances       Size
     35/100      5.49G     0.8273     0.4697     0.9458        318        640: 100%|██████████| 32/32 [00:11<00:00,  2.86it/s]
                 Class     Images  Instances      Box(P          R      mAP50  mAP50-95): 100%|██████████| 1/1 [00:00<00:00,  1.99it/s]
                   all         20        218      0.965       0.94      0.955      0.612

      Epoch    GPU_mem   box_loss   cls_loss   dfl_loss  Instances       Size
     36/100      5.49G      0.825     0.4666     0.9474        184        640: 100%|██████████| 32/32 [00:11<00:00,  2.86it/s]
                 Class     Images  Instances      Box(P          R      mAP50  mAP50-95): 100%|██████████| 1/1 [00:00<00:00,  4.09it/s]
                   all         20        218       0.97       0.94      0.955      0.608

      Epoch    GPU_mem   box_loss   cls_loss   dfl_loss  Instances       Size
     37/100      5.49G     0.8219     0.4662     0.9449        213        640: 100%|██████████| 32/32 [00:11<00:00,  2.80it/s]
                 Class     Images  Instances      Box(P          R      mAP50  mAP50-95): 100%|██████████| 1/1 [00:00<00:00,  4.76it/s]
                   all         20        218      0.965      0.934      0.955       0.61

      Epoch    GPU_mem   box_loss   cls_loss   dfl_loss  Instances       Size
     38/100      5.49G     0.8263     0.4657       0.94        295        640: 100%|██████████| 32/32 [00:11<00:00,  2.77it/s]
                 Class     Images  Instances      Box(P          R      mAP50  mAP50-95): 100%|██████████| 1/1 [00:00<00:00,  3.09it/s]
                   all         20        218      0.948      0.913       0.94      0.605

      Epoch    GPU_mem   box_loss   cls_loss   dfl_loss  Instances       Size
     39/100      5.49G     0.8182     0.4597     0.9384        241        640: 100%|██████████| 32/32 [00:11<00:00,  2.74it/s]
                 Class     Images  Instances      Box(P          R      mAP50  mAP50-95): 100%|██████████| 1/1 [00:00<00:00,  3.81it/s]
                   all         20        218      0.954      0.929      0.951      0.618

      Epoch    GPU_mem   box_loss   cls_loss   dfl_loss  Instances       Size
     40/100      5.49G     0.8073     0.4533     0.9336        239        640: 100%|██████████| 32/32 [00:11<00:00,  2.81it/s]
                 Class     Images  Instances      Box(P          R      mAP50  mAP50-95): 100%|██████████| 1/1 [00:00<00:00,  4.14it/s]
                   all         20        218      0.953      0.933      0.951      0.616

      Epoch    GPU_mem   box_loss   cls_loss   dfl_loss  Instances       Size
     41/100      5.49G      0.813     0.4533     0.9391        163        640: 100%|██████████| 32/32 [00:12<00:00,  2.63it/s]
                 Class     Images  Instances      Box(P          R      mAP50  mAP50-95): 100%|██████████| 1/1 [00:00<00:00,  5.14it/s]
                   all         20        218      0.955      0.928      0.952      0.622

      Epoch    GPU_mem   box_loss   cls_loss   dfl_loss  Instances       Size
     42/100      5.49G     0.7872     0.4488     0.9345        172        640: 100%|██████████| 32/32 [00:13<00:00,  2.33it/s]
                 Class     Images  Instances      Box(P          R      mAP50  mAP50-95): 100%|██████████| 1/1 [00:00<00:00,  3.27it/s]
                   all         20        218      0.953       0.93      0.953       0.62

      Epoch    GPU_mem   box_loss   cls_loss   dfl_loss  Instances       Size
     43/100      5.49G     0.7907     0.4484     0.9329        224        640: 100%|██████████| 32/32 [00:11<00:00,  2.84it/s]
                 Class     Images  Instances      Box(P          R      mAP50  mAP50-95): 100%|██████████| 1/1 [00:00<00:00,  1.75it/s]
                   all         20        218      0.958      0.938       0.95      0.608

      Epoch    GPU_mem   box_loss   cls_loss   dfl_loss  Instances       Size
     44/100      5.49G     0.7874     0.4515     0.9337        193        640: 100%|██████████| 32/32 [00:11<00:00,  2.79it/s]
                 Class     Images  Instances      Box(P          R      mAP50  mAP50-95): 100%|██████████| 1/1 [00:00<00:00,  3.97it/s]
                   all         20        218      0.966      0.923      0.948      0.615

      Epoch    GPU_mem   box_loss   cls_loss   dfl_loss  Instances       Size
     45/100      5.49G     0.7814     0.4394     0.9242        305        640: 100%|██████████| 32/32 [00:10<00:00,  2.93it/s]
                 Class     Images  Instances      Box(P          R      mAP50  mAP50-95): 100%|██████████| 1/1 [00:00<00:00,  1.78it/s]
                   all         20        218      0.968      0.931      0.952      0.611

      Epoch    GPU_mem   box_loss   cls_loss   dfl_loss  Instances       Size
     46/100      5.49G     0.7725     0.4401     0.9221        218        640: 100%|██████████| 32/32 [00:11<00:00,  2.90it/s]
                 Class     Images  Instances      Box(P          R      mAP50  mAP50-95): 100%|██████████| 1/1 [00:00<00:00,  2.54it/s]
                   all         20        218      0.972      0.919      0.946      0.613

      Epoch    GPU_mem   box_loss   cls_loss   dfl_loss  Instances       Size
     47/100      5.49G     0.7413      0.423     0.9093        306        640: 100%|██████████| 32/32 [00:11<00:00,  2.76it/s]
                 Class     Images  Instances      Box(P          R      mAP50  mAP50-95): 100%|██████████| 1/1 [00:00<00:00,  4.47it/s]
                   all         20        218       0.96      0.931      0.954      0.622

      Epoch    GPU_mem   box_loss   cls_loss   dfl_loss  Instances       Size
     48/100      5.49G     0.7549     0.4272     0.9267        165        640: 100%|██████████| 32/32 [00:11<00:00,  2.91it/s]
                 Class     Images  Instances      Box(P          R      mAP50  mAP50-95): 100%|██████████| 1/1 [00:00<00:00,  1.53it/s]
                   all         20        218      0.967      0.934      0.955      0.623

      Epoch    GPU_mem   box_loss   cls_loss   dfl_loss  Instances       Size
     49/100      5.49G     0.7637     0.4256     0.9222        242        640: 100%|██████████| 32/32 [00:11<00:00,  2.79it/s]
                 Class     Images  Instances      Box(P          R      mAP50  mAP50-95): 100%|██████████| 1/1 [00:00<00:00,  3.97it/s]
                   all         20        218      0.967      0.926       0.95      0.613

      Epoch    GPU_mem   box_loss   cls_loss   dfl_loss  Instances       Size
     50/100      5.49G     0.7512     0.4273     0.9156        232        640: 100%|██████████| 32/32 [00:11<00:00,  2.74it/s]
                 Class     Images  Instances      Box(P          R      mAP50  mAP50-95): 100%|██████████| 1/1 [00:00<00:00,  4.63it/s]
                   all         20        218       0.97      0.923      0.954      0.619

      Epoch    GPU_mem   box_loss   cls_loss   dfl_loss  Instances       Size
     51/100      5.49G     0.7472      0.428     0.9174        251        640: 100%|██████████| 32/32 [00:11<00:00,  2.72it/s]
                 Class     Images  Instances      Box(P          R      mAP50  mAP50-95): 100%|██████████| 1/1 [00:00<00:00,  3.88it/s]
                   all         20        218      0.967      0.918      0.948      0.601

      Epoch    GPU_mem   box_loss   cls_loss   dfl_loss  Instances       Size
     52/100      5.49G     0.7483     0.4184     0.9177        206        640: 100%|██████████| 32/32 [00:10<00:00,  3.05it/s]
                 Class     Images  Instances      Box(P          R      mAP50  mAP50-95): 100%|██████████| 1/1 [00:00<00:00,  2.38it/s]
                   all         20        218       0.97       0.92      0.953      0.615

      Epoch    GPU_mem   box_loss   cls_loss   dfl_loss  Instances       Size
     53/100      5.49G     0.7316     0.4157     0.9085        237        640: 100%|██████████| 32/32 [00:11<00:00,  2.90it/s]
                 Class     Images  Instances      Box(P          R      mAP50  mAP50-95): 100%|██████████| 1/1 [00:00<00:00,  1.48it/s]
                   all         20        218      0.967      0.918      0.949      0.612

      Epoch    GPU_mem   box_loss   cls_loss   dfl_loss  Instances       Size
     54/100      5.49G     0.7275     0.4176     0.9099        146        640: 100%|██████████| 32/32 [00:10<00:00,  2.98it/s]
                 Class     Images  Instances      Box(P          R      mAP50  mAP50-95): 100%|██████████| 1/1 [00:00<00:00,  2.23it/s]
                   all         20        218      0.967      0.926      0.949      0.612

      Epoch    GPU_mem   box_loss   cls_loss   dfl_loss  Instances       Size
     55/100      5.49G     0.7334      0.413     0.9049        189        640: 100%|██████████| 32/32 [00:10<00:00,  2.98it/s]
                 Class     Images  Instances      Box(P          R      mAP50  mAP50-95): 100%|██████████| 1/1 [00:00<00:00,  1.89it/s]
                   all         20        218      0.957      0.934      0.953      0.611

      Epoch    GPU_mem   box_loss   cls_loss   dfl_loss  Instances       Size
     56/100      5.49G     0.7057      0.397     0.8983        257        640: 100%|██████████| 32/32 [00:11<00:00,  2.79it/s]
                 Class     Images  Instances      Box(P          R      mAP50  mAP50-95): 100%|██████████| 1/1 [00:00<00:00,  4.46it/s]
                   all         20        218      0.963      0.927      0.951      0.607

      Epoch    GPU_mem   box_loss   cls_loss   dfl_loss  Instances       Size
     57/100      5.49G     0.7106     0.4013     0.9046        240        640: 100%|██████████| 32/32 [00:11<00:00,  2.79it/s]
                 Class     Images  Instances      Box(P          R      mAP50  mAP50-95): 100%|██████████| 1/1 [00:00<00:00,  3.56it/s]
                   all         20        218      0.967      0.923      0.953      0.623

      Epoch    GPU_mem   box_loss   cls_loss   dfl_loss  Instances       Size
     58/100      5.49G     0.6951     0.3945     0.9036        225        640: 100%|██████████| 32/32 [00:11<00:00,  2.83it/s]
                 Class     Images  Instances      Box(P          R      mAP50  mAP50-95): 100%|██████████| 1/1 [00:00<00:00,  3.03it/s]
                   all         20        218      0.948      0.924      0.951      0.614

      Epoch    GPU_mem   box_loss   cls_loss   dfl_loss  Instances       Size
     59/100      5.49G     0.7118     0.4038     0.9038        187        640: 100%|██████████| 32/32 [00:10<00:00,  2.96it/s]
                 Class     Images  Instances      Box(P          R      mAP50  mAP50-95): 100%|██████████| 1/1 [00:00<00:00,  4.11it/s]
                   all         20        218      0.957      0.922      0.955      0.621

      Epoch    GPU_mem   box_loss   cls_loss   dfl_loss  Instances       Size
     60/100      5.49G     0.7013     0.3969     0.8948        198        640: 100%|██████████| 32/32 [00:11<00:00,  2.81it/s]
                 Class     Images  Instances      Box(P          R      mAP50  mAP50-95): 100%|██████████| 1/1 [00:00<00:00,  4.66it/s]
                   all         20        218      0.955       0.91      0.952      0.612

      Epoch    GPU_mem   box_loss   cls_loss   dfl_loss  Instances       Size
     61/100      5.49G     0.6956     0.3957     0.9033        244        640: 100%|██████████| 32/32 [00:11<00:00,  2.78it/s]
                 Class     Images  Instances      Box(P          R      mAP50  mAP50-95): 100%|██████████| 1/1 [00:00<00:00,  3.82it/s]
                   all         20        218       0.96      0.921      0.949        0.6

      Epoch    GPU_mem   box_loss   cls_loss   dfl_loss  Instances       Size
     62/100      5.49G     0.7025     0.3959     0.9018        208        640: 100%|██████████| 32/32 [00:11<00:00,  2.69it/s]
                 Class     Images  Instances      Box(P          R      mAP50  mAP50-95): 100%|██████████| 1/1 [00:00<00:00,  2.85it/s]
                   all         20        218      0.966      0.917      0.951      0.611

      Epoch    GPU_mem   box_loss   cls_loss   dfl_loss  Instances       Size
     63/100      5.49G     0.6761     0.3832     0.8927        254        640: 100%|██████████| 32/32 [00:10<00:00,  2.94it/s]
                 Class     Images  Instances      Box(P          R      mAP50  mAP50-95): 100%|██████████| 1/1 [00:00<00:00,  2.24it/s]
                   all         20        218      0.968      0.932      0.951      0.619

      Epoch    GPU_mem   box_loss   cls_loss   dfl_loss  Instances       Size
     64/100      5.49G     0.6744     0.3835     0.8888        151        640: 100%|██████████| 32/32 [00:11<00:00,  2.70it/s]
                 Class     Images  Instances      Box(P          R      mAP50  mAP50-95): 100%|██████████| 1/1 [00:00<00:00,  4.07it/s]
                   all         20        218      0.968      0.921      0.952      0.609

      Epoch    GPU_mem   box_loss   cls_loss   dfl_loss  Instances       Size
     65/100      5.49G      0.669     0.3842     0.8979        178        640: 100%|██████████| 32/32 [00:11<00:00,  2.83it/s]
                 Class     Images  Instances      Box(P          R      mAP50  mAP50-95): 100%|██████████| 1/1 [00:00<00:00,  2.92it/s]
                   all         20        218      0.946      0.921      0.947       0.61

      Epoch    GPU_mem   box_loss   cls_loss   dfl_loss  Instances       Size
     66/100      5.49G     0.6666     0.3816     0.8932        208        640: 100%|██████████| 32/32 [00:10<00:00,  2.95it/s]
                 Class     Images  Instances      Box(P          R      mAP50  mAP50-95): 100%|██████████| 1/1 [00:00<00:00,  3.32it/s]
                   all         20        218      0.971      0.923      0.953      0.608

      Epoch    GPU_mem   box_loss   cls_loss   dfl_loss  Instances       Size
     67/100      5.49G     0.6621       0.38     0.8943        237        640: 100%|██████████| 32/32 [00:10<00:00,  3.00it/s]
                 Class     Images  Instances      Box(P          R      mAP50  mAP50-95): 100%|██████████| 1/1 [00:00<00:00,  3.95it/s]
                   all         20        218      0.961      0.927      0.948      0.618

      Epoch    GPU_mem   box_loss   cls_loss   dfl_loss  Instances       Size
     68/100      5.49G     0.6617     0.3801      0.892        190        640: 100%|██████████| 32/32 [00:11<00:00,  2.71it/s]
                 Class     Images  Instances      Box(P          R      mAP50  mAP50-95): 100%|██████████| 1/1 [00:00<00:00,  4.61it/s]
                   all         20        218      0.967      0.937      0.952      0.619

      Epoch    GPU_mem   box_loss   cls_loss   dfl_loss  Instances       Size
     69/100       5.5G     0.6707     0.3825     0.8903        184        640: 100%|██████████| 32/32 [00:10<00:00,  2.98it/s]
                 Class     Images  Instances      Box(P          R      mAP50  mAP50-95): 100%|██████████| 1/1 [00:00<00:00,  2.23it/s]
                   all         20        218      0.956      0.921      0.947       0.61

      Epoch    GPU_mem   box_loss   cls_loss   dfl_loss  Instances       Size
     70/100       5.5G     0.6633     0.3772      0.886        267        640: 100%|██████████| 32/32 [00:12<00:00,  2.64it/s]
                 Class     Images  Instances      Box(P          R      mAP50  mAP50-95): 100%|██████████| 1/1 [00:00<00:00,  3.61it/s]
                   all         20        218      0.972      0.926      0.951      0.616

      Epoch    GPU_mem   box_loss   cls_loss   dfl_loss  Instances       Size
     71/100       5.5G     0.6569     0.3716     0.8873        265        640: 100%|██████████| 32/32 [00:10<00:00,  2.99it/s]
                 Class     Images  Instances      Box(P          R      mAP50  mAP50-95): 100%|██████████| 1/1 [00:00<00:00,  2.99it/s]
                   all         20        218      0.966      0.922      0.953      0.613

      Epoch    GPU_mem   box_loss   cls_loss   dfl_loss  Instances       Size
     72/100       5.5G     0.6466     0.3708     0.8809        235        640: 100%|██████████| 32/32 [00:11<00:00,  2.76it/s]
                 Class     Images  Instances      Box(P          R      mAP50  mAP50-95): 100%|██████████| 1/1 [00:00<00:00,  3.85it/s]
                   all         20        218      0.953      0.925      0.943      0.607

      Epoch    GPU_mem   box_loss   cls_loss   dfl_loss  Instances       Size
     73/100       5.5G     0.6517      0.376      0.884        247        640: 100%|██████████| 32/32 [00:11<00:00,  2.85it/s]
                 Class     Images  Instances      Box(P          R      mAP50  mAP50-95): 100%|██████████| 1/1 [00:00<00:00,  2.12it/s]
                   all         20        218       0.96      0.927      0.954       0.61

      Epoch    GPU_mem   box_loss   cls_loss   dfl_loss  Instances       Size
     74/100       5.5G     0.6413     0.3674       0.88        238        640: 100%|██████████| 32/32 [00:10<00:00,  3.00it/s]
                 Class     Images  Instances      Box(P          R      mAP50  mAP50-95): 100%|██████████| 1/1 [00:00<00:00,  2.96it/s]
                   all         20        218      0.971       0.93      0.954      0.609

      Epoch    GPU_mem   box_loss   cls_loss   dfl_loss  Instances       Size
     75/100       5.5G     0.6409     0.3673     0.8838        215        640: 100%|██████████| 32/32 [00:11<00:00,  2.73it/s]
                 Class     Images  Instances      Box(P          R      mAP50  mAP50-95): 100%|██████████| 1/1 [00:00<00:00,  3.50it/s]
                   all         20        218      0.969      0.928      0.958      0.611

      Epoch    GPU_mem   box_loss   cls_loss   dfl_loss  Instances       Size
     76/100       5.5G     0.6331     0.3638     0.8844        164        640: 100%|██████████| 32/32 [00:12<00:00,  2.64it/s]
                 Class     Images  Instances      Box(P          R      mAP50  mAP50-95): 100%|██████████| 1/1 [00:00<00:00,  4.20it/s]
                   all         20        218      0.975      0.929      0.957      0.611

      Epoch    GPU_mem   box_loss   cls_loss   dfl_loss  Instances       Size
     77/100       5.5G     0.6423     0.3685     0.8788        161        640: 100%|██████████| 32/32 [00:11<00:00,  2.83it/s]
                 Class     Images  Instances      Box(P          R      mAP50  mAP50-95): 100%|██████████| 1/1 [00:00<00:00,  2.53it/s]
                   all         20        218      0.965      0.925      0.953      0.607

      Epoch    GPU_mem   box_loss   cls_loss   dfl_loss  Instances       Size
     78/100       5.5G     0.6182     0.3577     0.8748        233        640: 100%|██████████| 32/32 [00:11<00:00,  2.83it/s]
                 Class     Images  Instances      Box(P          R      mAP50  mAP50-95): 100%|██████████| 1/1 [00:00<00:00,  2.93it/s]
                   all         20        218      0.961      0.926      0.957      0.609

      Epoch    GPU_mem   box_loss   cls_loss   dfl_loss  Instances       Size
     79/100       5.5G      0.614     0.3604     0.8773        187        640: 100%|██████████| 32/32 [00:11<00:00,  2.76it/s]
                 Class     Images  Instances      Box(P          R      mAP50  mAP50-95): 100%|██████████| 1/1 [00:00<00:00,  3.24it/s]
                   all         20        218       0.96      0.923      0.951      0.613

      Epoch    GPU_mem   box_loss   cls_loss   dfl_loss  Instances       Size
     80/100       5.5G     0.6135     0.3529     0.8768        166        640: 100%|██████████| 32/32 [00:11<00:00,  2.75it/s]
                 Class     Images  Instances      Box(P          R      mAP50  mAP50-95): 100%|██████████| 1/1 [00:00<00:00,  2.67it/s]
                   all         20        218      0.962      0.921      0.952      0.607

      Epoch    GPU_mem   box_loss   cls_loss   dfl_loss  Instances       Size
     81/100       5.5G     0.6258     0.3592      0.878        251        640: 100%|██████████| 32/32 [00:11<00:00,  2.77it/s]
                 Class     Images  Instances      Box(P          R      mAP50  mAP50-95): 100%|██████████| 1/1 [00:00<00:00,  3.81it/s]
                   all         20        218      0.965      0.923      0.954      0.604

      Epoch    GPU_mem   box_loss   cls_loss   dfl_loss  Instances       Size
     82/100       5.5G     0.6054     0.3515     0.8739        162        640: 100%|██████████| 32/32 [00:11<00:00,  2.68it/s]
                 Class     Images  Instances      Box(P          R      mAP50  mAP50-95): 100%|██████████| 1/1 [00:00<00:00,  3.89it/s]
                   all         20        218      0.965      0.922      0.955      0.597

      Epoch    GPU_mem   box_loss   cls_loss   dfl_loss  Instances       Size
     83/100       5.5G     0.6007     0.3489     0.8701        253        640: 100%|██████████| 32/32 [00:11<00:00,  2.76it/s]
                 Class     Images  Instances      Box(P          R      mAP50  mAP50-95): 100%|██████████| 1/1 [00:00<00:00,  4.38it/s]
                   all         20        218      0.964      0.923      0.957      0.604

      Epoch    GPU_mem   box_loss   cls_loss   dfl_loss  Instances       Size
     84/100       5.5G     0.6145     0.3586     0.8732        166        640: 100%|██████████| 32/32 [00:10<00:00,  2.97it/s]
                 Class     Images  Instances      Box(P          R      mAP50  mAP50-95): 100%|██████████| 1/1 [00:00<00:00,  2.29it/s]
                   all         20        218      0.969      0.916      0.954      0.615

      Epoch    GPU_mem   box_loss   cls_loss   dfl_loss  Instances       Size
     85/100       5.5G     0.6105     0.3525     0.8726        203        640: 100%|██████████| 32/32 [00:11<00:00,  2.74it/s]
                 Class     Images  Instances      Box(P          R      mAP50  mAP50-95): 100%|██████████| 1/1 [00:00<00:00,  3.59it/s]
                   all         20        218      0.965      0.916      0.951      0.612

      Epoch    GPU_mem   box_loss   cls_loss   dfl_loss  Instances       Size
     86/100       5.5G     0.6073     0.3514     0.8745        175        640: 100%|██████████| 32/32 [00:11<00:00,  2.68it/s]
                 Class     Images  Instances      Box(P          R      mAP50  mAP50-95): 100%|██████████| 1/1 [00:00<00:00,  4.15it/s]
                   all         20        218      0.962      0.914      0.948      0.614

      Epoch    GPU_mem   box_loss   cls_loss   dfl_loss  Instances       Size
     87/100       5.5G     0.6061     0.3491     0.8756        221        640: 100%|██████████| 32/32 [00:11<00:00,  2.90it/s]
                 Class     Images  Instances      Box(P          R      mAP50  mAP50-95): 100%|██████████| 1/1 [00:00<00:00,  2.25it/s]
                   all         20        218      0.971       0.92      0.957      0.621

      Epoch    GPU_mem   box_loss   cls_loss   dfl_loss  Instances       Size
     88/100       5.5G     0.5899     0.3453     0.8644        207        640: 100%|██████████| 32/32 [00:11<00:00,  2.81it/s]
                 Class     Images  Instances      Box(P          R      mAP50  mAP50-95): 100%|██████████| 1/1 [00:00<00:00,  4.18it/s]
                   all         20        218      0.965      0.931      0.958      0.618

      Epoch    GPU_mem   box_loss   cls_loss   dfl_loss  Instances       Size
     89/100       5.5G     0.5846     0.3367     0.8665        140        640: 100%|██████████| 32/32 [00:11<00:00,  2.85it/s]
                 Class     Images  Instances      Box(P          R      mAP50  mAP50-95): 100%|██████████| 1/1 [00:00<00:00,  3.88it/s]
                   all         20        218       0.96      0.932      0.957      0.615

      Epoch    GPU_mem   box_loss   cls_loss   dfl_loss  Instances       Size
     90/100       5.5G     0.5939     0.3443     0.8639        227        640: 100%|██████████| 32/32 [00:11<00:00,  2.77it/s]
                 Class     Images  Instances      Box(P          R      mAP50  mAP50-95): 100%|██████████| 1/1 [00:00<00:00,  3.86it/s]
                   all         20        218      0.962      0.926      0.953      0.613
Closing dataloader mosaic
[34m[1malbumentations: [0mBlur(p=0.01, blur_limit=(3, 7)), MedianBlur(p=0.01, blur_limit=(3, 7)), ToGray(p=0.01, num_output_channels=3, method='weighted_average'), CLAHE(p=0.01, clip_limit=(1.0, 4.0), tile_grid_size=(8, 8))

      Epoch    GPU_mem   box_loss   cls_loss   dfl_loss  Instances       Size
     91/100       5.5G     0.5689     0.3179     0.8662        155        640: 100%|██████████| 32/32 [00:16<00:00,  1.97it/s]
                 Class     Images  Instances      Box(P          R      mAP50  mAP50-95): 100%|██████████| 1/1 [00:00<00:00,  4.49it/s]
                   all         20        218      0.961      0.931      0.956      0.601

      Epoch    GPU_mem   box_loss   cls_loss   dfl_loss  Instances       Size
     92/100       5.5G     0.5398     0.3091     0.8563        134        640: 100%|██████████| 32/32 [00:11<00:00,  2.83it/s]
                 Class     Images  Instances      Box(P          R      mAP50  mAP50-95): 100%|██████████| 1/1 [00:00<00:00,  4.34it/s]
                   all         20        218      0.963      0.923      0.956      0.608

      Epoch    GPU_mem   box_loss   cls_loss   dfl_loss  Instances       Size
     93/100       5.5G     0.5267     0.3016     0.8549        127        640: 100%|██████████| 32/32 [00:10<00:00,  2.91it/s]
                 Class     Images  Instances      Box(P          R      mAP50  mAP50-95): 100%|██████████| 1/1 [00:00<00:00,  1.92it/s]
                   all         20        218      0.964      0.924      0.953      0.615

      Epoch    GPU_mem   box_loss   cls_loss   dfl_loss  Instances       Size
     94/100       5.5G     0.5169     0.2978     0.8534        153        640: 100%|██████████| 32/32 [00:10<00:00,  3.15it/s]
                 Class     Images  Instances      Box(P          R      mAP50  mAP50-95): 100%|██████████| 1/1 [00:00<00:00,  2.23it/s]
                   all         20        218      0.967      0.932      0.956      0.622

      Epoch    GPU_mem   box_loss   cls_loss   dfl_loss  Instances       Size
     95/100       5.5G     0.5169      0.297     0.8476        148        640: 100%|██████████| 32/32 [00:10<00:00,  2.94it/s]
                 Class     Images  Instances      Box(P          R      mAP50  mAP50-95): 100%|██████████| 1/1 [00:00<00:00,  4.64it/s]
                   all         20        218      0.966      0.931      0.956      0.618

      Epoch    GPU_mem   box_loss   cls_loss   dfl_loss  Instances       Size
     96/100       5.5G     0.5001     0.2919     0.8462        159        640: 100%|██████████| 32/32 [00:11<00:00,  2.81it/s]
                 Class     Images  Instances      Box(P          R      mAP50  mAP50-95): 100%|██████████| 1/1 [00:00<00:00,  4.83it/s]
                   all         20        218      0.967      0.932      0.959      0.625

      Epoch    GPU_mem   box_loss   cls_loss   dfl_loss  Instances       Size
     97/100       5.5G     0.4998     0.2898     0.8463        142        640: 100%|██████████| 32/32 [00:11<00:00,  2.88it/s]
                 Class     Images  Instances      Box(P          R      mAP50  mAP50-95): 100%|██████████| 1/1 [00:00<00:00,  4.41it/s]
                   all         20        218      0.966      0.928      0.959      0.622

      Epoch    GPU_mem   box_loss   cls_loss   dfl_loss  Instances       Size
     98/100       5.5G       0.51     0.2913     0.8478        136        640: 100%|██████████| 32/32 [00:10<00:00,  2.95it/s]
                 Class     Images  Instances      Box(P          R      mAP50  mAP50-95): 100%|██████████| 1/1 [00:00<00:00,  3.21it/s]
                   all         20        218      0.965      0.931      0.959      0.623

      Epoch    GPU_mem   box_loss   cls_loss   dfl_loss  Instances       Size
     99/100       5.5G     0.5061     0.2912     0.8471        135        640: 100%|██████████| 32/32 [00:11<00:00,  2.86it/s]
                 Class     Images  Instances      Box(P          R      mAP50  mAP50-95): 100%|██████████| 1/1 [00:00<00:00,  2.90it/s]
                   all         20        218      0.966      0.929      0.959      0.625

      Epoch    GPU_mem   box_loss   cls_loss   dfl_loss  Instances       Size
    100/100       5.5G     0.4866      0.285     0.8413        152        640: 100%|██████████| 32/32 [00:10<00:00,  2.93it/s]
                 Class     Images  Instances      Box(P          R      mAP50  mAP50-95): 100%|██████████| 1/1 [00:00<00:00,  3.31it/s]
                   all         20        218      0.963      0.927      0.959      0.623

100 epochs completed in 0.734 hours.
Optimizer stripped from Prototype 1/p1_vn3/weights/last.pt, 22.5MB
Optimizer stripped from Prototype 1/p1_vn3/weights/best.pt, 22.5MB

Validating Prototype 1/p1_vn3/weights/best.pt...
Ultralytics 8.3.113 🚀 Python-3.11.12 torch-2.6.0+cu124 CUDA:0 (Tesla T4, 15095MiB)
Model summary (fused): 72 layers, 11,133,711 parameters, 0 gradients, 28.5 GFLOPs
                 Class     Images  Instances      Box(P          R      mAP50  mAP50-95): 100%|██████████| 1/1 [00:00<00:00,  3.04it/s]
                   all         20        218      0.966      0.929       0.96      0.625
                    07         11         11      0.754      0.836      0.879       0.69
                    08         13         13      0.989          1      0.995      0.537
                    09          6          6      0.974      0.833      0.876       0.67
                   102          7          7      0.897      0.857      0.892      0.367
                   108          6          6      0.967      0.833      0.869       0.46
                   117          6          6      0.974          1      0.995       0.81
                   118         13         13          1      0.937      0.995      0.691
                   120         12         12          1      0.807      0.979      0.544
                   121         13         13          1      0.974      0.995      0.668
                   122         13         13       0.99          1      0.995      0.558
                   123          6          6          1      0.755      0.886       0.56
                   130         16         16      0.986      0.938      0.988      0.754
                    25          5          5      0.983          1      0.995      0.495
                    34         12         12      0.973          1      0.995      0.709
                    35         20         20          1       0.95      0.966      0.612
                    40         11         11      0.902          1      0.995      0.722
                    41          6          6      0.967      0.833      0.876      0.538
                    43          3          3      0.944          1      0.995      0.507
                    47         13         13      0.981          1      0.995      0.719
                    64         15         15      0.999          1      0.995      0.785
                    74         11         11          1      0.957      0.995      0.727
Speed: 0.2ms preprocess, 6.4ms inference, 0.0ms loss, 2.2ms postprocess per image
Results saved to [1mPrototype 1/p1_vn3[0m
